*** Using Compiler 'V5.06 update 6 (build 750)', folder: 'C:\Keil_v5\ARM\ARMCC\Bin'
Rebuild target 'project1'
assembling startup_stm32f103xe.s...
compiling stm32f1xx_it.c...
compiling main.c...
../Core/Src/main.c(59): warning:  #188-D: enumerated type mixed with another type
  	HAL_GPIO_WritePin(GPIOA, GPIO_PIN_4, RESET);
../Core/Src/main.c(61): warning:  #188-D: enumerated type mixed with another type
  	HAL_GPIO_WritePin(GPIOA, GPIO_PIN_4, SET);
../Core/Src/main.c(67): warning:  #223-D: function "memset" declared implicitly
  	memset(recev, 0, 100);
../Core/Src/main.c(165): warning:  #223-D: function "memset" declared implicitly
  			memset(p, 0, 47);
../Core/Src/main.c(171): warning:  #223-D: function "memset" declared implicitly
  			memset(p, 0, 47);
../Core/Src/main.c(131): warning:  #177-D: variable "nt"  was declared but never referenced
  	uint8_t nt[] = "i didn't receive";
../Core/Src/main.c: 6 warnings, 0 errors
compiling stm32f1xx_hal_msp.c...
compiling stm32f1xx_hal_tim_ex.c...
compiling stm32f1xx_hal_tim.c...
compiling stm32f1xx_hal_gpio_ex.c...
compiling stm32f1xx_hal.c...
compiling stm32f1xx_hal_uart.c...
compiling stm32f1xx_hal_rcc.c...
compiling stm32f1xx_hal_rcc_ex.c...
compiling stm32f1xx_hal_gpio.c...
compiling stm32f1xx_hal_dma.c...
compiling stm32f1xx_hal_cortex.c...
compiling stm32f1xx_hal_pwr.c...
compiling stm32f1xx_hal_flash.c...
compiling system_stm32f1xx.c...
compiling stm32f1xx_hal_exti.c...
compiling stm32f1xx_hal_flash_ex.c...
linking...
Program Size: Code=4484 RO-data=360 RW-data=64 ZI-data=1152  
FromELF: creating hex file...
"project1\project1.axf" - 0 Error(s), 6 Warning(s).
Build Time Elapsed:  00:00:24
